MANDATORY INPUT VARIABLES:
  NStates =
		 1
  NSteps =
		 5000
  dtI =
		 1.0 (fs)
  ESTEPS =
		 50
  ISTATE =
		 0
  FUNCTIONAL =
		 BLYP
  BASIS_SET =
		 6-31G*
  CHARGE =
		 0
  MULTIPLICITY =
		 1
  MEMORY =
		 5 (GB)
  PARALLEL_FORCES =
		 True
  NAMD_METHOD =
		 EH
  EL_PROP =
		 VV
  MD_ENSEMBLE =
		 NVT
Input looks good.
Submitting electronic structure for step 0.
	Gaussian terminated normally in 53.13 s. (GS_NEW)
Submitting electronic structure for step 1.
	Gaussian terminated normally in 50.38 s. (GS_NEW)
Total QM took 50.75 s.
Submitting electronic structure for step 2.
	Gaussian terminated normally in 47.64 s. (GS_NEW)
Total QM took 48.06 s.
Submitting electronic structure for step 3.
	Gaussian terminated normally in 47.53 s. (GS_NEW)
Total QM took 47.90 s.
Submitting electronic structure for step 4.
	Gaussian terminated normally in 47.84 s. (GS_NEW)
Total QM took 48.21 s.
Submitting electronic structure for step 5.
	Gaussian terminated normally in 47.48 s. (GS_NEW)
Total QM took 47.87 s.
Submitting electronic structure for step 6.
	Gaussian terminated normally in 47.62 s. (GS_NEW)
Total QM took 48.00 s.
Submitting electronic structure for step 7.
	Gaussian terminated normally in 47.31 s. (GS_NEW)
Total QM took 47.68 s.
Submitting electronic structure for step 8.
	Gaussian terminated normally in 47.60 s. (GS_NEW)
Total QM took 47.97 s.
Submitting electronic structure for step 9.
	Gaussian terminated normally in 47.39 s. (GS_NEW)
Total QM took 47.76 s.
Submitting electronic structure for step 10.
	Gaussian terminated normally in 47.45 s. (GS_NEW)
Total QM took 47.82 s.
Submitting electronic structure for step 11.
	Gaussian terminated normally in 47.61 s. (GS_NEW)
Total QM took 48.01 s.
Submitting electronic structure for step 12.
	Gaussian terminated normally in 47.19 s. (GS_NEW)
Total QM took 47.56 s.
Submitting electronic structure for step 13.
	Gaussian terminated normally in 47.19 s. (GS_NEW)
Total QM took 47.56 s.
Submitting electronic structure for step 14.
	Gaussian terminated normally in 47.18 s. (GS_NEW)
Total QM took 47.54 s.
Submitting electronic structure for step 15.
	Gaussian terminated normally in 47.04 s. (GS_NEW)
Total QM took 47.41 s.
Submitting electronic structure for step 16.
	Gaussian terminated normally in 50.20 s. (GS_NEW)
Total QM took 50.57 s.
Submitting electronic structure for step 17.
	Gaussian terminated normally in 49.76 s. (GS_NEW)
Total QM took 50.15 s.
Submitting electronic structure for step 18.
	Gaussian terminated normally in 47.01 s. (GS_NEW)
Total QM took 47.38 s.
Submitting electronic structure for step 19.
	Gaussian terminated normally in 47.06 s. (GS_NEW)
Total QM took 47.43 s.
Submitting electronic structure for step 20.
	Gaussian terminated normally in 46.86 s. (GS_NEW)
Total QM took 47.23 s.
Submitting electronic structure for step 21.
	Gaussian terminated normally in 49.70 s. (GS_NEW)
Total QM took 50.07 s.
Submitting electronic structure for step 22.
	Gaussian terminated normally in 49.68 s. (GS_NEW)
Total QM took 50.05 s.
Submitting electronic structure for step 23.
	Gaussian terminated normally in 49.53 s. (GS_NEW)
Total QM took 49.91 s.
Submitting electronic structure for step 24.
	Gaussian terminated normally in 46.99 s. (GS_NEW)
Total QM took 47.36 s.
Submitting electronic structure for step 25.
	Gaussian terminated normally in 46.94 s. (GS_NEW)
Total QM took 47.32 s.
Submitting electronic structure for step 26.
	Gaussian terminated normally in 49.78 s. (GS_NEW)
Total QM took 50.15 s.
Submitting electronic structure for step 27.
	Gaussian terminated normally in 49.48 s. (GS_NEW)
Total QM took 49.85 s.
Submitting electronic structure for step 28.
	Gaussian terminated normally in 47.25 s. (GS_NEW)
Total QM took 47.62 s.
Submitting electronic structure for step 29.
	Gaussian terminated normally in 46.94 s. (GS_NEW)
Total QM took 47.31 s.
Submitting electronic structure for step 30.
	Gaussian terminated normally in 47.26 s. (GS_NEW)
Total QM took 47.68 s.
Submitting electronic structure for step 31.
	Gaussian terminated normally in 47.04 s. (GS_NEW)
Total QM took 47.41 s.
Submitting electronic structure for step 32.
	Gaussian terminated normally in 49.52 s. (GS_NEW)
Total QM took 49.88 s.
Submitting electronic structure for step 33.
	Gaussian terminated normally in 49.76 s. (GS_NEW)
Total QM took 50.13 s.
Submitting electronic structure for step 34.
	Gaussian terminated normally in 49.39 s. (GS_NEW)
Total QM took 49.75 s.
Submitting electronic structure for step 35.
	Gaussian terminated normally in 49.29 s. (GS_NEW)
Total QM took 49.66 s.
Submitting electronic structure for step 36.
	Gaussian terminated normally in 49.12 s. (GS_NEW)
Total QM took 49.59 s.
Submitting electronic structure for step 37.
	Gaussian terminated normally in 49.43 s. (GS_NEW)
Total QM took 49.80 s.
Submitting electronic structure for step 38.
	Gaussian terminated normally in 49.63 s. (GS_NEW)
Total QM took 50.01 s.
Submitting electronic structure for step 39.
	Gaussian terminated normally in 46.74 s. (GS_NEW)
Total QM took 47.11 s.
Submitting electronic structure for step 40.
	Gaussian terminated normally in 47.01 s. (GS_NEW)
Total QM took 47.38 s.
Submitting electronic structure for step 41.
	Gaussian terminated normally in 46.50 s. (GS_NEW)
Total QM took 46.87 s.
Submitting electronic structure for step 42.
	Gaussian terminated normally in 49.35 s. (GS_NEW)
Total QM took 49.74 s.
Submitting electronic structure for step 43.
	Gaussian terminated normally in 49.27 s. (GS_NEW)
Total QM took 49.64 s.
Submitting electronic structure for step 44.
	Gaussian terminated normally in 49.20 s. (GS_NEW)
Total QM took 49.58 s.
Submitting electronic structure for step 45.
	Gaussian terminated normally in 49.38 s. (GS_NEW)
Total QM took 49.75 s.
Submitting electronic structure for step 46.
	Gaussian terminated normally in 46.70 s. (GS_NEW)
Total QM took 47.07 s.
Submitting electronic structure for step 47.
	Gaussian terminated normally in 49.20 s. (GS_NEW)
Total QM took 49.57 s.
Submitting electronic structure for step 48.
	Gaussian terminated normally in 49.63 s. (GS_NEW)
Total QM took 50.01 s.
Submitting electronic structure for step 49.
	Gaussian terminated normally in 48.94 s. (GS_NEW)
Total QM took 49.31 s.
Submitting electronic structure for step 50.
	Gaussian terminated normally in 46.66 s. (GS_NEW)
Total QM took 47.03 s.
Submitting electronic structure for step 51.
	Gaussian terminated normally in 49.29 s. (GS_NEW)
Total QM took 49.66 s.
Submitting electronic structure for step 52.
	Gaussian terminated normally in 49.34 s. (GS_NEW)
Total QM took 49.71 s.
Submitting electronic structure for step 53.
	Gaussian terminated normally in 47.18 s. (GS_NEW)
Total QM took 47.55 s.
Submitting electronic structure for step 54.
	Gaussian terminated normally in 138.83 s. (GS_NEW)
Total QM took 139.23 s.
Submitting electronic structure for step 55.
	Gaussian terminated normally in 46.72 s. (GS_NEW)
Total QM took 47.09 s.
Submitting electronic structure for step 56.
	Gaussian terminated normally in 46.70 s. (GS_NEW)
Total QM took 47.07 s.
Submitting electronic structure for step 57.
	Gaussian terminated normally in 48.92 s. (GS_NEW)
Total QM took 49.29 s.
Submitting electronic structure for step 58.
	Gaussian terminated normally in 49.14 s. (GS_NEW)
Total QM took 49.51 s.
Submitting electronic structure for step 59.
	Gaussian terminated normally in 49.45 s. (GS_NEW)
Total QM took 49.82 s.
Submitting electronic structure for step 60.
	Gaussian terminated normally in 48.96 s. (GS_NEW)
Total QM took 49.34 s.
Submitting electronic structure for step 61.
	Gaussian terminated normally in 46.48 s. (GS_NEW)
Total QM took 46.85 s.
Submitting electronic structure for step 62.
	Gaussian terminated normally in 46.34 s. (GS_NEW)
Total QM took 46.71 s.
Submitting electronic structure for step 63.
	Gaussian terminated normally in 48.97 s. (GS_NEW)
Total QM took 49.34 s.
Submitting electronic structure for step 64.
	Gaussian terminated normally in 49.27 s. (GS_NEW)
Total QM took 49.64 s.
Submitting electronic structure for step 65.
	Gaussian terminated normally in 48.52 s. (GS_NEW)
Total QM took 48.89 s.
Submitting electronic structure for step 66.
	Gaussian terminated normally in 48.98 s. (GS_NEW)
Total QM took 49.37 s.
Submitting electronic structure for step 67.
	Gaussian terminated normally in 49.26 s. (GS_NEW)
Total QM took 49.92 s.
Submitting electronic structure for step 68.
	Gaussian terminated normally in 48.91 s. (GS_NEW)
Total QM took 49.28 s.
Submitting electronic structure for step 69.
	Gaussian terminated normally in 48.72 s. (GS_NEW)
Total QM took 49.09 s.
Submitting electronic structure for step 70.
	Gaussian terminated normally in 48.82 s. (GS_NEW)
Total QM took 49.19 s.
Submitting electronic structure for step 71.
	Gaussian terminated normally in 46.11 s. (GS_NEW)
Total QM took 46.49 s.
Submitting electronic structure for step 72.
	Gaussian terminated normally in 48.71 s. (GS_NEW)
Total QM took 49.10 s.
Submitting electronic structure for step 73.
	Gaussian terminated normally in 48.88 s. (GS_NEW)
Total QM took 49.25 s.
Submitting electronic structure for step 74.
	Gaussian terminated normally in 49.61 s. (GS_NEW)
Total QM took 49.98 s.
Submitting electronic structure for step 75.
	Gaussian terminated normally in 48.83 s. (GS_NEW)
Total QM took 49.21 s.
Submitting electronic structure for step 76.
	Gaussian terminated normally in 46.18 s. (GS_NEW)
Total QM took 46.55 s.
Submitting electronic structure for step 77.
	Gaussian terminated normally in 46.09 s. (GS_NEW)
Total QM took 46.46 s.
Submitting electronic structure for step 78.
	Gaussian terminated normally in 46.38 s. (GS_NEW)
Total QM took 46.76 s.
Submitting electronic structure for step 79.
	Gaussian terminated normally in 48.86 s. (GS_NEW)
Total QM took 49.23 s.
Submitting electronic structure for step 80.
	Gaussian terminated normally in 49.20 s. (GS_NEW)
Total QM took 49.57 s.
Submitting electronic structure for step 81.
	Gaussian terminated normally in 48.92 s. (GS_NEW)
Total QM took 49.29 s.
Submitting electronic structure for step 82.
	Gaussian terminated normally in 48.55 s. (GS_NEW)
Total QM took 48.92 s.
Submitting electronic structure for step 83.
	Gaussian terminated normally in 47.00 s. (GS_NEW)
Total QM took 47.37 s.
Submitting electronic structure for step 84.
	Gaussian terminated normally in 48.71 s. (GS_NEW)
Total QM took 49.15 s.
Submitting electronic structure for step 85.
	Gaussian terminated normally in 48.86 s. (GS_NEW)
Total QM took 49.24 s.
Submitting electronic structure for step 86.
	Gaussian terminated normally in 48.87 s. (GS_NEW)
Total QM took 49.24 s.
Submitting electronic structure for step 87.
	Gaussian terminated normally in 46.30 s. (GS_NEW)
Total QM took 46.73 s.
Submitting electronic structure for step 88.
	Gaussian terminated normally in 46.35 s. (GS_NEW)
Total QM took 46.72 s.
Submitting electronic structure for step 89.
	Gaussian terminated normally in 48.85 s. (GS_NEW)
Total QM took 49.22 s.
Submitting electronic structure for step 90.
	Gaussian terminated normally in 49.48 s. (GS_NEW)
Total QM took 49.85 s.
Submitting electronic structure for step 91.
	Gaussian terminated normally in 48.96 s. (GS_NEW)
Total QM took 49.37 s.
Submitting electronic structure for step 92.
	Gaussian terminated normally in 46.74 s. (GS_NEW)
Total QM took 47.12 s.
Submitting electronic structure for step 93.
	Gaussian terminated normally in 46.32 s. (GS_NEW)
Total QM took 46.69 s.
Submitting electronic structure for step 94.
	Gaussian terminated normally in 49.41 s. (GS_NEW)
Total QM took 49.78 s.
Submitting electronic structure for step 95.
	Gaussian terminated normally in 50.21 s. (GS_NEW)
Total QM took 50.59 s.
Submitting electronic structure for step 96.
	Gaussian terminated normally in 52.62 s. (GS_NEW)
Total QM took 53.00 s.
Submitting electronic structure for step 97.
	Gaussian terminated normally in 53.37 s. (GS_NEW)
Total QM took 53.87 s.
Submitting electronic structure for step 98.
	Gaussian terminated normally in 51.07 s. (GS_NEW)
Total QM took 51.45 s.
Submitting electronic structure for step 99.
	Gaussian terminated normally in 52.26 s. (GS_NEW)
Total QM took 52.63 s.
Submitting electronic structure for step 100.
	Gaussian terminated normally in 49.25 s. (GS_NEW)
Total QM took 49.62 s.
Submitting electronic structure for step 101.
	Gaussian terminated normally in 46.86 s. (GS_NEW)
Total QM took 47.23 s.
Submitting electronic structure for step 102.
	Gaussian terminated normally in 46.54 s. (GS_NEW)
Total QM took 46.91 s.
Submitting electronic structure for step 103.
	Gaussian terminated normally in 46.64 s. (GS_NEW)
Total QM took 47.02 s.
Submitting electronic structure for step 104.
	Gaussian terminated normally in 46.48 s. (GS_NEW)
Total QM took 46.85 s.
Submitting electronic structure for step 105.
	Gaussian terminated normally in 46.46 s. (GS_NEW)
Total QM took 46.83 s.
Submitting electronic structure for step 106.
	Gaussian terminated normally in 48.80 s. (GS_NEW)
Total QM took 49.17 s.
Submitting electronic structure for step 107.
	Gaussian terminated normally in 46.23 s. (GS_NEW)
Total QM took 46.59 s.
Submitting electronic structure for step 108.
	Gaussian terminated normally in 48.92 s. (GS_NEW)
Total QM took 49.29 s.
Submitting electronic structure for step 109.
	Gaussian terminated normally in 46.49 s. (GS_NEW)
Total QM took 46.87 s.
Submitting electronic structure for step 110.
	Gaussian terminated normally in 48.89 s. (GS_NEW)
Total QM took 49.27 s.
Submitting electronic structure for step 111.
	Gaussian terminated normally in 49.31 s. (GS_NEW)
Total QM took 49.68 s.
Submitting electronic structure for step 112.
	Gaussian terminated normally in 48.95 s. (GS_NEW)
Total QM took 49.32 s.
Submitting electronic structure for step 113.
	Gaussian terminated normally in 46.65 s. (GS_NEW)
Total QM took 47.01 s.
Submitting electronic structure for step 114.
	Gaussian terminated normally in 46.71 s. (GS_NEW)
Total QM took 47.08 s.
Submitting electronic structure for step 115.
	Gaussian terminated normally in 49.27 s. (GS_NEW)
Total QM took 49.64 s.
Submitting electronic structure for step 116.
	Gaussian terminated normally in 50.79 s. (GS_NEW)
Total QM took 51.19 s.
Submitting electronic structure for step 117.
	Gaussian terminated normally in 49.26 s. (GS_NEW)
Total QM took 49.63 s.
Submitting electronic structure for step 118.
	Gaussian terminated normally in 46.67 s. (GS_NEW)
Total QM took 47.05 s.
Submitting electronic structure for step 119.
	Gaussian terminated normally in 46.55 s. (GS_NEW)
Total QM took 46.92 s.
Submitting electronic structure for step 120.
	Gaussian terminated normally in 49.13 s. (GS_NEW)
Total QM took 49.50 s.
Submitting electronic structure for step 121.
	Gaussian terminated normally in 49.83 s. (GS_NEW)
Total QM took 50.20 s.
Submitting electronic structure for step 122.
	Gaussian terminated normally in 49.12 s. (GS_NEW)
Total QM took 49.51 s.
Submitting electronic structure for step 123.
	Gaussian terminated normally in 49.57 s. (GS_NEW)
Total QM took 49.98 s.
Submitting electronic structure for step 124.
	Gaussian terminated normally in 49.52 s. (GS_NEW)
Total QM took 49.89 s.
Submitting electronic structure for step 125.
	Gaussian terminated normally in 49.17 s. (GS_NEW)
Total QM took 49.54 s.
Submitting electronic structure for step 126.
	Gaussian terminated normally in 49.29 s. (GS_NEW)
Total QM took 49.66 s.
Submitting electronic structure for step 127.
	Gaussian terminated normally in 49.99 s. (GS_NEW)
Total QM took 50.37 s.
Submitting electronic structure for step 128.
	Gaussian terminated normally in 51.09 s. (GS_NEW)
Total QM took 51.64 s.
Submitting electronic structure for step 129.
	Gaussian terminated normally in 51.08 s. (GS_NEW)
Total QM took 51.45 s.
Submitting electronic structure for step 130.
	Gaussian terminated normally in 49.80 s. (GS_NEW)
Total QM took 50.17 s.
Submitting electronic structure for step 131.
	Gaussian terminated normally in 47.90 s. (GS_NEW)
Total QM took 48.28 s.
Submitting electronic structure for step 132.
	Gaussian terminated normally in 50.38 s. (GS_NEW)
Total QM took 50.75 s.
Submitting electronic structure for step 133.
	Gaussian terminated normally in 49.50 s. (GS_NEW)
Total QM took 49.87 s.
Submitting electronic structure for step 134.
	Gaussian terminated normally in 46.68 s. (GS_NEW)
Total QM took 47.06 s.