MANDATORY INPUT VARIABLES:
  NStates =
		 1
  NSteps =
		 5000
  dtI =
		 1.0 (fs)
  ESTEPS =
		 50
  ISTATE =
		 0
  FUNCTIONAL =
		 BLYP
  BASIS_SET =
		 6-31G*
  CHARGE =
		 0
  MULTIPLICITY =
		 1
  MEMORY =
		 5 (GB)
  PARALLEL_FORCES =
		 True
  NAMD_METHOD =
		 EH
  EL_PROP =
		 VV
  MD_ENSEMBLE =
		 NVT
Input looks good.
Submitting electronic structure for step 0.
	Gaussian terminated normally in 52.58 s. (GS_NEW)
Submitting electronic structure for step 1.
	Gaussian terminated normally in 51.30 s. (GS_NEW)
Total QM took 51.67 s.
Submitting electronic structure for step 2.
	Gaussian terminated normally in 48.74 s. (GS_NEW)
Total QM took 49.11 s.
Submitting electronic structure for step 3.
	Gaussian terminated normally in 48.99 s. (GS_NEW)
Total QM took 49.36 s.
Submitting electronic structure for step 4.
	Gaussian terminated normally in 48.33 s. (GS_NEW)
Total QM took 48.70 s.
Submitting electronic structure for step 5.
	Gaussian terminated normally in 48.51 s. (GS_NEW)
Total QM took 48.95 s.
Submitting electronic structure for step 6.
	Gaussian terminated normally in 48.14 s. (GS_NEW)
Total QM took 48.51 s.
Submitting electronic structure for step 7.
	Gaussian terminated normally in 48.34 s. (GS_NEW)
Total QM took 48.71 s.
Submitting electronic structure for step 8.
	Gaussian terminated normally in 47.84 s. (GS_NEW)
Total QM took 48.25 s.
Submitting electronic structure for step 9.
	Gaussian terminated normally in 48.04 s. (GS_NEW)
Total QM took 48.41 s.
Submitting electronic structure for step 10.
	Gaussian terminated normally in 48.40 s. (GS_NEW)
Total QM took 48.77 s.
Submitting electronic structure for step 11.
	Gaussian terminated normally in 48.11 s. (GS_NEW)
Total QM took 48.48 s.
Submitting electronic structure for step 12.
	Gaussian terminated normally in 47.99 s. (GS_NEW)
Total QM took 48.39 s.
Submitting electronic structure for step 13.
	Gaussian terminated normally in 47.64 s. (GS_NEW)
Total QM took 48.01 s.
Submitting electronic structure for step 14.
	Gaussian terminated normally in 47.92 s. (GS_NEW)
Total QM took 48.29 s.
Submitting electronic structure for step 15.
	Gaussian terminated normally in 47.90 s. (GS_NEW)
Total QM took 48.27 s.
Submitting electronic structure for step 16.
	Gaussian terminated normally in 48.05 s. (GS_NEW)
Total QM took 48.42 s.
Submitting electronic structure for step 17.
	Gaussian terminated normally in 50.76 s. (GS_NEW)
Total QM took 51.13 s.
Submitting electronic structure for step 18.
	Gaussian terminated normally in 47.93 s. (GS_NEW)
Total QM took 48.33 s.
Submitting electronic structure for step 19.
	Gaussian terminated normally in 47.80 s. (GS_NEW)
Total QM took 48.17 s.
Submitting electronic structure for step 20.
	Gaussian terminated normally in 47.75 s. (GS_NEW)
Total QM took 48.12 s.
Submitting electronic structure for step 21.
	Gaussian terminated normally in 50.46 s. (GS_NEW)
Total QM took 50.82 s.
Submitting electronic structure for step 22.
	Gaussian terminated normally in 50.38 s. (GS_NEW)
Total QM took 50.78 s.
Submitting electronic structure for step 23.
	Gaussian terminated normally in 50.21 s. (GS_NEW)
Total QM took 50.58 s.
Submitting electronic structure for step 24.
	Gaussian terminated normally in 47.36 s. (GS_NEW)
Total QM took 47.76 s.
Submitting electronic structure for step 25.
	Gaussian terminated normally in 47.30 s. (GS_NEW)
Total QM took 47.67 s.
Submitting electronic structure for step 26.
	Gaussian terminated normally in 50.59 s. (GS_NEW)
Total QM took 50.96 s.
Submitting electronic structure for step 27.
	Gaussian terminated normally in 50.35 s. (GS_NEW)
Total QM took 50.72 s.
Submitting electronic structure for step 28.
	Gaussian terminated normally in 47.56 s. (GS_NEW)
Total QM took 47.93 s.
Submitting electronic structure for step 29.
	Gaussian terminated normally in 47.36 s. (GS_NEW)
Total QM took 47.73 s.
Submitting electronic structure for step 30.
	Gaussian terminated normally in 47.46 s. (GS_NEW)
Total QM took 47.84 s.
Submitting electronic structure for step 31.
	Gaussian terminated normally in 50.10 s. (GS_NEW)
Total QM took 50.48 s.
Submitting electronic structure for step 32.
	Gaussian terminated normally in 50.37 s. (GS_NEW)
Total QM took 50.74 s.
Submitting electronic structure for step 33.
	Gaussian terminated normally in 50.17 s. (GS_NEW)
Total QM took 50.56 s.
Submitting electronic structure for step 34.
	Gaussian terminated normally in 50.62 s. (GS_NEW)
Total QM took 50.99 s.
Submitting electronic structure for step 35.
	Gaussian terminated normally in 50.51 s. (GS_NEW)
Total QM took 50.88 s.
Submitting electronic structure for step 36.
	Gaussian terminated normally in 50.20 s. (GS_NEW)
Total QM took 50.60 s.
Submitting electronic structure for step 37.
	Gaussian terminated normally in 50.14 s. (GS_NEW)
Total QM took 50.51 s.
Submitting electronic structure for step 38.
	Gaussian terminated normally in 50.46 s. (GS_NEW)
Total QM took 50.83 s.
Submitting electronic structure for step 39.
	Gaussian terminated normally in 47.28 s. (GS_NEW)
Total QM took 47.65 s.
Submitting electronic structure for step 40.
	Gaussian terminated normally in 47.37 s. (GS_NEW)
Total QM took 47.74 s.
Submitting electronic structure for step 41.
	Gaussian terminated normally in 47.41 s. (GS_NEW)
Total QM took 47.78 s.
Submitting electronic structure for step 42.
	Gaussian terminated normally in 50.09 s. (GS_NEW)
Total QM took 50.49 s.
Submitting electronic structure for step 43.
	Gaussian terminated normally in 50.00 s. (GS_NEW)
Total QM took 50.37 s.
Submitting electronic structure for step 44.
	Gaussian terminated normally in 49.72 s. (GS_NEW)
Total QM took 50.09 s.
Submitting electronic structure for step 45.
	Gaussian terminated normally in 49.84 s. (GS_NEW)
Total QM took 50.21 s.
Submitting electronic structure for step 46.
	Gaussian terminated normally in 47.43 s. (GS_NEW)
Total QM took 47.79 s.
Submitting electronic structure for step 47.
	Gaussian terminated normally in 49.75 s. (GS_NEW)
Total QM took 50.12 s.
Submitting electronic structure for step 48.
	Gaussian terminated normally in 50.51 s. (GS_NEW)
Total QM took 50.89 s.
Submitting electronic structure for step 49.
	Gaussian terminated normally in 49.84 s. (GS_NEW)
Total QM took 50.21 s.
Submitting electronic structure for step 50.
	Gaussian terminated normally in 47.19 s. (GS_NEW)
Total QM took 47.56 s.
Submitting electronic structure for step 51.
	Gaussian terminated normally in 50.03 s. (GS_NEW)
Total QM took 50.40 s.
Submitting electronic structure for step 52.
	Gaussian terminated normally in 51.10 s. (GS_NEW)
Total QM took 51.47 s.
Submitting electronic structure for step 53.
	Gaussian terminated normally in 47.41 s. (GS_NEW)
Total QM took 47.78 s.
Submitting electronic structure for step 54.
	Gaussian terminated normally in 134.49 s. (GS_NEW)
Total QM took 134.87 s.
Submitting electronic structure for step 55.
	Gaussian terminated normally in 47.14 s. (GS_NEW)
Total QM took 47.51 s.
Submitting electronic structure for step 56.
	Gaussian terminated normally in 47.32 s. (GS_NEW)
Total QM took 47.69 s.
Submitting electronic structure for step 57.
	Gaussian terminated normally in 50.26 s. (GS_NEW)
Total QM took 50.63 s.
Submitting electronic structure for step 58.
	Gaussian terminated normally in 50.14 s. (GS_NEW)
Total QM took 50.50 s.
Submitting electronic structure for step 59.
	Gaussian terminated normally in 49.69 s. (GS_NEW)
Total QM took 50.06 s.
Submitting electronic structure for step 60.
	Gaussian terminated normally in 49.45 s. (GS_NEW)
Total QM took 49.83 s.
Submitting electronic structure for step 61.
	Gaussian terminated normally in 47.03 s. (GS_NEW)
Total QM took 47.46 s.
Submitting electronic structure for step 62.
	Gaussian terminated normally in 46.67 s. (GS_NEW)
Total QM took 47.04 s.
Submitting electronic structure for step 63.
	Gaussian terminated normally in 49.92 s. (GS_NEW)
Total QM took 50.29 s.
Submitting electronic structure for step 64.
	Gaussian terminated normally in 49.80 s. (GS_NEW)
Total QM took 50.17 s.
Submitting electronic structure for step 65.
	Gaussian terminated normally in 49.52 s. (GS_NEW)
Total QM took 49.89 s.
Submitting electronic structure for step 66.
	Gaussian terminated normally in 49.64 s. (GS_NEW)
Total QM took 50.02 s.
Submitting electronic structure for step 67.
	Gaussian terminated normally in 49.52 s. (GS_NEW)
Total QM took 49.89 s.
Submitting electronic structure for step 68.
	Gaussian terminated normally in 50.28 s. (GS_NEW)
Total QM took 50.65 s.
Submitting electronic structure for step 69.
	Gaussian terminated normally in 49.39 s. (GS_NEW)
Total QM took 49.76 s.
Submitting electronic structure for step 70.
	Gaussian terminated normally in 49.66 s. (GS_NEW)
Total QM took 50.03 s.
Submitting electronic structure for step 71.
	Gaussian terminated normally in 46.94 s. (GS_NEW)
Total QM took 47.37 s.
Submitting electronic structure for step 72.
	Gaussian terminated normally in 47.03 s. (GS_NEW)
Total QM took 47.41 s.
Submitting electronic structure for step 73.
	Gaussian terminated normally in 49.69 s. (GS_NEW)
Total QM took 50.06 s.
Submitting electronic structure for step 74.
	Gaussian terminated normally in 49.57 s. (GS_NEW)
Total QM took 49.94 s.
Submitting electronic structure for step 75.
	Gaussian terminated normally in 49.72 s. (GS_NEW)
Total QM took 50.09 s.
Submitting electronic structure for step 76.
	Gaussian terminated normally in 47.01 s. (GS_NEW)
Total QM took 47.38 s.
Submitting electronic structure for step 77.
	Gaussian terminated normally in 47.09 s. (GS_NEW)
Total QM took 47.46 s.
Submitting electronic structure for step 78.
	Gaussian terminated normally in 46.61 s. (GS_NEW)
Total QM took 46.99 s.
Submitting electronic structure for step 79.
	Gaussian terminated normally in 49.38 s. (GS_NEW)
Total QM took 49.75 s.
Submitting electronic structure for step 80.
	Gaussian terminated normally in 49.47 s. (GS_NEW)
Total QM took 49.83 s.
Submitting electronic structure for step 81.
	Gaussian terminated normally in 49.93 s. (GS_NEW)
Total QM took 50.30 s.
Submitting electronic structure for step 82.
	Gaussian terminated normally in 49.40 s. (GS_NEW)
Total QM took 49.76 s.
Submitting electronic structure for step 83.
	Gaussian terminated normally in 49.66 s. (GS_NEW)
Total QM took 50.03 s.
Submitting electronic structure for step 84.
	Gaussian terminated normally in 49.56 s. (GS_NEW)
Total QM took 49.95 s.
Submitting electronic structure for step 85.
	Gaussian terminated normally in 49.85 s. (GS_NEW)
Total QM took 50.21 s.
Submitting electronic structure for step 86.
	Gaussian terminated normally in 49.61 s. (GS_NEW)
Total QM took 49.98 s.
Submitting electronic structure for step 87.
	Gaussian terminated normally in 47.11 s. (GS_NEW)
Total QM took 47.48 s.
Submitting electronic structure for step 88.
	Gaussian terminated normally in 47.12 s. (GS_NEW)
Total QM took 47.49 s.
Submitting electronic structure for step 89.
	Gaussian terminated normally in 49.74 s. (GS_NEW)
Total QM took 50.11 s.
Submitting electronic structure for step 90.
	Gaussian terminated normally in 49.81 s. (GS_NEW)
Total QM took 50.18 s.
Submitting electronic structure for step 91.
	Gaussian terminated normally in 49.74 s. (GS_NEW)
Total QM took 50.12 s.
Submitting electronic structure for step 92.
	Gaussian terminated normally in 47.98 s. (GS_NEW)
Total QM took 48.35 s.
Submitting electronic structure for step 93.
	Gaussian terminated normally in 47.08 s. (GS_NEW)
Total QM took 47.50 s.
Submitting electronic structure for step 94.
	Gaussian terminated normally in 50.51 s. (GS_NEW)
Total QM took 50.88 s.
Submitting electronic structure for step 95.
	Gaussian terminated normally in 51.39 s. (GS_NEW)
Total QM took 51.76 s.
Submitting electronic structure for step 96.
	Gaussian terminated normally in 52.78 s. (GS_NEW)
Total QM took 53.15 s.
Submitting electronic structure for step 97.
	Gaussian terminated normally in 50.75 s. (GS_NEW)
Total QM took 51.30 s.
Submitting electronic structure for step 98.
	Gaussian terminated normally in 50.66 s. (GS_NEW)
Total QM took 51.04 s.
Submitting electronic structure for step 99.
	Gaussian terminated normally in 50.33 s. (GS_NEW)
Total QM took 50.70 s.
Submitting electronic structure for step 100.
	Gaussian terminated normally in 50.53 s. (GS_NEW)
Total QM took 50.90 s.
Submitting electronic structure for step 101.
	Gaussian terminated normally in 48.32 s. (GS_NEW)
Total QM took 48.68 s.
Submitting electronic structure for step 102.
	Gaussian terminated normally in 47.14 s. (GS_NEW)
Total QM took 47.51 s.
Submitting electronic structure for step 103.
	Gaussian terminated normally in 47.13 s. (GS_NEW)
Total QM took 47.54 s.
Submitting electronic structure for step 104.
	Gaussian terminated normally in 47.37 s. (GS_NEW)
Total QM took 47.74 s.
Submitting electronic structure for step 105.
	Gaussian terminated normally in 49.98 s. (GS_NEW)
Total QM took 50.42 s.
Submitting electronic structure for step 106.
	Gaussian terminated normally in 47.55 s. (GS_NEW)
Total QM took 47.92 s.
Submitting electronic structure for step 107.
	Gaussian terminated normally in 49.61 s. (GS_NEW)
Total QM took 49.98 s.
Submitting electronic structure for step 108.
	Gaussian terminated normally in 47.04 s. (GS_NEW)
Total QM took 47.41 s.
Submitting electronic structure for step 109.
	Gaussian terminated normally in 46.97 s. (GS_NEW)
Total QM took 47.35 s.
Submitting electronic structure for step 110.
	Gaussian terminated normally in 49.62 s. (GS_NEW)
Total QM took 49.99 s.
Submitting electronic structure for step 111.
	Gaussian terminated normally in 49.47 s. (GS_NEW)
Total QM took 49.84 s.
Submitting electronic structure for step 112.
	Gaussian terminated normally in 47.44 s. (GS_NEW)
Total QM took 47.82 s.
Submitting electronic structure for step 113.
	Gaussian terminated normally in 46.91 s. (GS_NEW)
Total QM took 47.28 s.
Submitting electronic structure for step 114.
	Gaussian terminated normally in 47.25 s. (GS_NEW)
Total QM took 47.61 s.
Submitting electronic structure for step 115.
	Gaussian terminated normally in 50.00 s. (GS_NEW)
Total QM took 50.38 s.
Submitting electronic structure for step 116.
	Gaussian terminated normally in 49.76 s. (GS_NEW)
Total QM took 50.13 s.
Submitting electronic structure for step 117.
	Gaussian terminated normally in 50.06 s. (GS_NEW)
Total QM took 50.43 s.
Submitting electronic structure for step 118.
	Gaussian terminated normally in 47.47 s. (GS_NEW)
Total QM took 47.84 s.
Submitting electronic structure for step 119.
	Gaussian terminated normally in 47.65 s. (GS_NEW)
Total QM took 48.02 s.
Submitting electronic structure for step 120.
	Gaussian terminated normally in 50.11 s. (GS_NEW)
Total QM took 50.48 s.
Submitting electronic structure for step 121.
	Gaussian terminated normally in 50.02 s. (GS_NEW)
Total QM took 50.40 s.
Submitting electronic structure for step 122.
	Gaussian terminated normally in 49.91 s. (GS_NEW)
Total QM took 50.28 s.
Submitting electronic structure for step 123.
	Gaussian terminated normally in 50.21 s. (GS_NEW)
Total QM took 50.58 s.
Submitting electronic structure for step 124.
	Gaussian terminated normally in 49.83 s. (GS_NEW)
Total QM took 50.20 s.
Submitting electronic structure for step 125.
	Gaussian terminated normally in 50.67 s. (GS_NEW)
Total QM took 51.04 s.
Submitting electronic structure for step 126.
	Gaussian terminated normally in 51.21 s. (GS_NEW)
Total QM took 51.59 s.
Submitting electronic structure for step 127.
	Gaussian terminated normally in 51.66 s. (GS_NEW)
Total QM took 52.04 s.
Submitting electronic structure for step 128.
	Gaussian terminated normally in 50.74 s. (GS_NEW)
Total QM took 51.11 s.
Submitting electronic structure for step 129.
	Gaussian terminated normally in 51.39 s. (GS_NEW)
Total QM took 51.76 s.
Submitting electronic structure for step 130.
	Gaussian terminated normally in 51.50 s. (GS_NEW)
Total QM took 51.87 s.
Submitting electronic structure for step 131.
	Gaussian terminated normally in 51.52 s. (GS_NEW)
Total QM took 51.89 s.
Submitting electronic structure for step 132.
	Gaussian terminated normally in 50.03 s. (GS_NEW)
Total QM took 50.48 s.
Submitting electronic structure for step 133.
	Gaussian terminated normally in 50.07 s. (GS_NEW)
Total QM took 50.45 s.
Submitting electronic structure for step 134.
	Gaussian terminated normally in 47.78 s. (GS_NEW)
Total QM took 48.15 s.